<?xml version="1.0" encoding="UTF-8"?>
<testng-results ignored="0" total="2" passed="2" failed="0" skipped="0">
  <reporter-output>
  </reporter-output>
  <suite started-at="2019-01-16T02:24:05Z" name="nopCommerce" finished-at="2019-01-16T02:25:03Z" duration-ms="57658">
    <groups>
    </groups>
    <test started-at="2019-01-16T02:24:05Z" name="nopCommerce test" finished-at="2019-01-16T02:25:03Z" duration-ms="57658">
      <class name="com.nopcommerce.testCases.TC_LoginTest_001">
        <test-method is-config="true" signature="setup(java.lang.String)[pri:0, instance:com.nopcommerce.testCases.TC_LoginTest_001@3febb011]" started-at="2019-01-16T02:24:05Z" name="setup" finished-at="2019-01-16T02:24:10Z" duration-ms="5008" status="PASS">
          <params>
            <param index="0">
              <value>
                <![CDATA[chrome]]>
              </value>
            </param>
          </params>
          <reporter-output>
          </reporter-output>
        </test-method> <!-- setup -->
        <test-method signature="loginTest()[pri:0, instance:com.nopcommerce.testCases.TC_LoginTest_001@3febb011]" started-at="2019-01-16T02:24:10Z" name="loginTest" finished-at="2019-01-16T02:24:33Z" duration-ms="22402" status="PASS">
          <reporter-output>
          </reporter-output>
        </test-method> <!-- loginTest -->
        <test-method is-config="true" signature="tearDown()[pri:0, instance:com.nopcommerce.testCases.TC_LoginTest_001@3febb011]" started-at="2019-01-16T02:24:33Z" name="tearDown" finished-at="2019-01-16T02:24:34Z" duration-ms="683" status="PASS">
          <reporter-output>
          </reporter-output>
        </test-method> <!-- tearDown -->
      </class> <!-- com.nopcommerce.testCases.TC_LoginTest_001 -->
      <class name="com.nopcommerce.testCases.TC_AddCustomerTest_003">
        <test-method is-config="true" signature="setup(java.lang.String)[pri:0, instance:com.nopcommerce.testCases.TC_AddCustomerTest_003@10e31a9a]" started-at="2019-01-16T02:24:34Z" name="setup" finished-at="2019-01-16T02:24:37Z" duration-ms="3461" status="PASS">
          <params>
            <param index="0">
              <value>
                <![CDATA[chrome]]>
              </value>
            </param>
          </params>
          <reporter-output>
          </reporter-output>
        </test-method> <!-- setup -->
        <test-method signature="addNewCustomer()[pri:0, instance:com.nopcommerce.testCases.TC_AddCustomerTest_003@10e31a9a]" started-at="2019-01-16T02:24:37Z" name="addNewCustomer" finished-at="2019-01-16T02:25:02Z" duration-ms="24983" status="PASS">
          <reporter-output>
          </reporter-output>
        </test-method> <!-- addNewCustomer -->
        <test-method is-config="true" signature="tearDown()[pri:0, instance:com.nopcommerce.testCases.TC_AddCustomerTest_003@10e31a9a]" started-at="2019-01-16T02:25:02Z" name="tearDown" finished-at="2019-01-16T02:25:03Z" duration-ms="691" status="PASS">
          <reporter-output>
          </reporter-output>
        </test-method> <!-- tearDown -->
      </class> <!-- com.nopcommerce.testCases.TC_AddCustomerTest_003 -->
    </test> <!-- nopCommerce test -->
  </suite> <!-- nopCommerce -->
</testng-results>
