<?xml version="1.0" encoding="UTF-8"?>
<!-- Generated by org.testng.reporters.JUnitXMLReporter -->
<testsuite ignored="0" hostname="DESKTOP-3R73L8V" failures="0" tests="2" name="nopCommerce test" time="57.658" errors="0" timestamp="16 Jan 2019 02:25:03 GMT">
  <testcase classname="com.nopcommerce.testCases.TC_LoginTest_001" name="loginTest" time="22.402"/>
  <testcase classname="com.nopcommerce.testCases.TC_AddCustomerTest_003" name="addNewCustomer" time="24.983"/>
</testsuite> <!-- nopCommerce test -->
