<?xml version="1.0" encoding="UTF-8"?>
<testng-results ignored="0" total="1" passed="1" failed="0" skipped="0">
  <reporter-output>
  </reporter-output>
  <suite started-at="2019-01-15T02:36:47Z" name="nopCommerce" finished-at="2019-01-15T02:37:16Z" duration-ms="29970">
    <groups>
    </groups>
    <test started-at="2019-01-15T02:36:47Z" name="nopCommerce test" finished-at="2019-01-15T02:37:16Z" duration-ms="29970">
      <class name="com.nopcommerce.testCases.TC_AddCustomerTest_003">
        <test-method is-config="true" signature="setup(java.lang.String)[pri:0, instance:com.nopcommerce.testCases.TC_AddCustomerTest_003@60015ef5]" started-at="2019-01-15T02:36:47Z" name="setup" finished-at="2019-01-15T02:36:51Z" duration-ms="4573" status="PASS">
          <params>
            <param index="0">
              <value>
                <![CDATA[chrome]]>
              </value>
            </param>
          </params>
          <reporter-output>
          </reporter-output>
        </test-method> <!-- setup -->
        <test-method signature="addNewCustomer()[pri:0, instance:com.nopcommerce.testCases.TC_AddCustomerTest_003@60015ef5]" started-at="2019-01-15T02:36:51Z" name="addNewCustomer" finished-at="2019-01-15T02:37:16Z" duration-ms="24044" status="PASS">
          <reporter-output>
          </reporter-output>
        </test-method> <!-- addNewCustomer -->
        <test-method is-config="true" signature="tearDown()[pri:0, instance:com.nopcommerce.testCases.TC_AddCustomerTest_003@60015ef5]" started-at="2019-01-15T02:37:16Z" name="tearDown" finished-at="2019-01-15T02:37:16Z" duration-ms="914" status="PASS">
          <reporter-output>
          </reporter-output>
        </test-method> <!-- tearDown -->
      </class> <!-- com.nopcommerce.testCases.TC_AddCustomerTest_003 -->
    </test> <!-- nopCommerce test -->
  </suite> <!-- nopCommerce -->
</testng-results>
